2021-12-15 14:57:33,552 INFO: Microblog startup [in /home/corey/Documents/Development/user-bootstrap-template/app/__init__.py:50]
2021-12-15 14:58:23,232 ERROR: Exception on /reset_password_request [POST] [in /home/corey/Documents/Development/snippet/venv/lib/python3.8/site-packages/flask/app.py:1457]
Traceback (most recent call last):
  File "/home/corey/Documents/Development/snippet/venv/lib/python3.8/site-packages/flask/app.py", line 2073, in wsgi_app
    response = self.full_dispatch_request()
  File "/home/corey/Documents/Development/snippet/venv/lib/python3.8/site-packages/flask/app.py", line 1518, in full_dispatch_request
    rv = self.handle_user_exception(e)
  File "/home/corey/Documents/Development/snippet/venv/lib/python3.8/site-packages/flask/app.py", line 1516, in full_dispatch_request
    rv = self.dispatch_request()
  File "/home/corey/Documents/Development/snippet/venv/lib/python3.8/site-packages/flask/app.py", line 1502, in dispatch_request
    return self.ensure_sync(self.view_functions[rule.endpoint])(**req.view_args)
  File "/home/corey/Documents/Development/user-bootstrap-template/app/routes.py", line 84, in reset_password_request
    send_password_reset_email(user)
  File "/home/corey/Documents/Development/user-bootstrap-template/app/email.py", line 18, in send_password_reset_email
    token = user.get_reset_password_token()
  File "/home/corey/Documents/Development/user-bootstrap-template/app/models.py", line 31, in get_reset_password_token
    {'reset_password': self.id, 'exp': time() + expires_in},
NameError: name 'time' is not defined
2021-12-15 14:58:45,147 INFO: Microblog startup [in /home/corey/Documents/Development/user-bootstrap-template/app/__init__.py:50]
2021-12-15 14:59:31,028 INFO: Microblog startup [in /home/corey/Documents/Development/user-bootstrap-template/app/__init__.py:50]
2021-12-15 15:00:54,668 INFO: Microblog startup [in /home/corey/Documents/Development/user-bootstrap-template/app/__init__.py:50]
2021-12-15 15:02:38,638 INFO: Microblog startup [in /home/corey/Documents/Development/user-bootstrap-template/app/__init__.py:50]
2021-12-15 15:02:53,285 INFO: Microblog startup [in /home/corey/Documents/Development/user-bootstrap-template/app/__init__.py:50]
